{"uid":"10f6d2e57585a095","name":"Test Transaction API Required Fields Error Message","fullName":"tests.end2end.transactions.test_required_fields.TestTxnAPIRequiredFields#test_required_fields_omited","historyId":"8d29445d649770b027f6f0db476969c8","time":{"start":1660042688718,"stop":1660042688750,"duration":32},"status":"failed","statusMessage":"AssertionError: The following fields NOT indicated as required by transaction API: ['cc_last4']\nassert not ['cc_last4']","statusTrace":"self = <test_required_fields.TestTxnAPIRequiredFields object at 0x7fb41c38bd90>\ntxn_samples = <test_data.transactions.TransactionSamples object at 0x7fb41c38b0d0>\nfw_api = <fw.api.client.FraudwallAPI object at 0x7fb41c38b210>\nrequired_fields_txn_channel = ({'Billing Address': 'billing_address', 'Billing Amount': 'billing_amt', 'Billing Country': 'billing_country_alpha2', 'Billing Currency': 'billing_currency', ...}, (2, 'Mobile App'))\n\n    @allure.title(\"Test Transaction API Required Fields Error Message\")\n    def test_required_fields_omited(self, txn_samples, fw_api, required_fields_txn_channel):\n        txn_channel = required_fields_txn_channel[1]\n        required_fields = required_fields_txn_channel[0]\n        UNIQUE_INDENTIFIER = f'tt_required_fields_omit_{txn_channel[1]}_{self.current_timestr}'\n    \n        # Get Base Transaction\n        transaction = {}\n        # Remove all REQUIRED fields\n        txn_fields = list(transaction.keys())\n        for f in txn_fields:\n            if f in required_fields.values():\n                transaction.pop(f)\n        transaction.update({\n            'transaction_id_ext': UNIQUE_INDENTIFIER,\n            'transaction_channel': str(txn_channel[0])\n        })\n    \n        txn_resp = fw_api.send_transaction(transaction)\n    \n        # Verify no errors\n        assert txn_resp.get(\"error\")\n        error_field = []\n    \n        resp_errors = txn_resp.get(\"errors\")\n        for f in required_fields.values():\n            if (f in resp_errors.keys() and 'This field is required.' in resp_errors.get(f)) or f in (SITUATIONAL_REQUIRED_FIELDS.values()):\n                continue\n            error_field.append(f)\n    \n>       assert not error_field, f\"The following fields NOT indicated as required by transaction API: {error_field}\"\nE       AssertionError: The following fields NOT indicated as required by transaction API: ['cc_last4']\nE       assert not ['cc_last4']\n\ntests/end2end/transactions/test_required_fields.py:66: AssertionError","flaky":true,"newFailed":true,"newBroken":false,"newPassed":false,"retriesCount":0,"retriesStatusChange":false,"beforeStages":[{"name":"cfg","time":{"start":1660032706972,"stop":1660032706972,"duration":0},"status":"passed","steps":[],"attachments":[],"parameters":[],"stepsCount":0,"attachmentsCount":0,"shouldDisplayMessage":false,"hasContent":false},{"name":"users","time":{"start":1660032706972,"stop":1660032706972,"duration":0},"status":"passed","steps":[],"attachments":[],"parameters":[],"stepsCount":0,"attachmentsCount":0,"shouldDisplayMessage":false,"hasContent":false},{"name":"check_known_issues","time":{"start":1660042688715,"stop":1660042688716,"duration":1},"status":"passed","steps":[],"attachments":[],"parameters":[],"stepsCount":0,"attachmentsCount":0,"shouldDisplayMessage":false,"hasContent":false},{"name":"txn_samples","time":{"start":1660042688716,"stop":1660042688716,"duration":0},"status":"passed","steps":[],"attachments":[],"parameters":[],"stepsCount":0,"attachmentsCount":0,"shouldDisplayMessage":false,"hasContent":false},{"name":"fw_api","time":{"start":1660042688716,"stop":1660042688717,"duration":1},"status":"passed","steps":[],"attachments":[],"parameters":[],"stepsCount":0,"attachmentsCount":0,"shouldDisplayMessage":false,"hasContent":false},{"name":"required_fields_txn_channel","time":{"start":1660042688717,"stop":1660042688717,"duration":0},"status":"passed","steps":[],"attachments":[],"parameters":[],"stepsCount":0,"attachmentsCount":0,"shouldDisplayMessage":false,"hasContent":false},{"name":"txn_channel","time":{"start":1660042688717,"stop":1660042688717,"duration":0},"status":"passed","steps":[],"attachments":[],"parameters":[],"stepsCount":0,"attachmentsCount":0,"shouldDisplayMessage":false,"hasContent":false}],"testStage":{"status":"failed","statusMessage":"AssertionError: The following fields NOT indicated as required by transaction API: ['cc_last4']\nassert not ['cc_last4']","statusTrace":"self = <test_required_fields.TestTxnAPIRequiredFields object at 0x7fb41c38bd90>\ntxn_samples = <test_data.transactions.TransactionSamples object at 0x7fb41c38b0d0>\nfw_api = <fw.api.client.FraudwallAPI object at 0x7fb41c38b210>\nrequired_fields_txn_channel = ({'Billing Address': 'billing_address', 'Billing Amount': 'billing_amt', 'Billing Country': 'billing_country_alpha2', 'Billing Currency': 'billing_currency', ...}, (2, 'Mobile App'))\n\n    @allure.title(\"Test Transaction API Required Fields Error Message\")\n    def test_required_fields_omited(self, txn_samples, fw_api, required_fields_txn_channel):\n        txn_channel = required_fields_txn_channel[1]\n        required_fields = required_fields_txn_channel[0]\n        UNIQUE_INDENTIFIER = f'tt_required_fields_omit_{txn_channel[1]}_{self.current_timestr}'\n    \n        # Get Base Transaction\n        transaction = {}\n        # Remove all REQUIRED fields\n        txn_fields = list(transaction.keys())\n        for f in txn_fields:\n            if f in required_fields.values():\n                transaction.pop(f)\n        transaction.update({\n            'transaction_id_ext': UNIQUE_INDENTIFIER,\n            'transaction_channel': str(txn_channel[0])\n        })\n    \n        txn_resp = fw_api.send_transaction(transaction)\n    \n        # Verify no errors\n        assert txn_resp.get(\"error\")\n        error_field = []\n    \n        resp_errors = txn_resp.get(\"errors\")\n        for f in required_fields.values():\n            if (f in resp_errors.keys() and 'This field is required.' in resp_errors.get(f)) or f in (SITUATIONAL_REQUIRED_FIELDS.values()):\n                continue\n            error_field.append(f)\n    \n>       assert not error_field, f\"The following fields NOT indicated as required by transaction API: {error_field}\"\nE       AssertionError: The following fields NOT indicated as required by transaction API: ['cc_last4']\nE       assert not ['cc_last4']\n\ntests/end2end/transactions/test_required_fields.py:66: AssertionError","steps":[{"name":"Send test transaction","time":{"start":1660042688718,"stop":1660042688749,"duration":31},"status":"passed","steps":[],"attachments":[{"uid":"3a36d77e727233b1","name":"Transaction payload details","source":"3a36d77e727233b1.txt","type":"text/plain","size":197},{"uid":"7503d5a20cb7c1c1","name":"Transaction response details","source":"7503d5a20cb7c1c1.txt","type":"text/plain","size":1445}],"parameters":[{"name":"payload","value":"{'transaction_id_ext': 'tt_required_fields_omit_Mobile App_20220809_105808', 'transaction_channel': '2'}"}],"stepsCount":0,"attachmentsCount":2,"shouldDisplayMessage":false,"hasContent":true}],"attachments":[],"parameters":[],"stepsCount":1,"attachmentsCount":2,"shouldDisplayMessage":true,"hasContent":true},"afterStages":[{"name":"fw_api::0","time":{"start":1660042688761,"stop":1660042688761,"duration":0},"status":"passed","steps":[],"attachments":[],"parameters":[],"stepsCount":0,"attachmentsCount":0,"shouldDisplayMessage":false,"hasContent":false}],"labels":[{"name":"tag","value":"@pytest.mark.usefixtures('check_known_issues')"},{"name":"tag","value":"regression"},{"name":"parentSuite","value":"tests.end2end.transactions"},{"name":"suite","value":"test_required_fields"},{"name":"subSuite","value":"TestTxnAPIRequiredFields"},{"name":"host","value":"ip-10-20-30-10"},{"name":"thread","value":"15858-MainThread"},{"name":"framework","value":"pytest"},{"name":"language","value":"cpython3"},{"name":"package","value":"tests.end2end.transactions.test_required_fields"},{"name":"resultFormat","value":"allure2"}],"parameters":[{"name":"txn_channel","value":"(2, 'Mobile App')"}],"links":[],"hidden":false,"retry":false,"extra":{"severity":"normal","retries":[],"categories":[{"name":"Product defects","matchedStatuses":[],"flaky":false}],"history":{"statistic":{"failed":3,"broken":2,"skipped":0,"passed":2,"unknown":0,"total":7},"items":[{"uid":"5e8246d287c71464","reportUrl":"https://bowiegan-jp.github.io/test-fw-ci/4//#testresult/5e8246d287c71464","status":"broken","statusDetails":"requests.exceptions.MissingSchema: Invalid URL '/api/transaction': No schema supplied. Perhaps you meant http:///api/transaction?","time":{"start":1660032441162,"stop":1660032441163,"duration":1}},{"uid":"18d397c3070ac216","reportUrl":"https://bowiegan-jp.github.io/test-fw-ci/35//#testresult/18d397c3070ac216","status":"passed","time":{"start":1660024561472,"stop":1660024561506,"duration":34}},{"uid":"10e15370b1ad9fc","reportUrl":"https://bowiegan-jp.github.io/test-fw-ci/1//#testresult/10e15370b1ad9fc","status":"failed","statusDetails":"AssertionError: The following fields NOT indicated as required by transaction API: ['cc_last4']\nassert not ['cc_last4']","time":{"start":1658485149355,"stop":1658485149390,"duration":35}},{"uid":"5a2e0aa0130a2ada","reportUrl":"https://bowiegan-jp.github.io/test-fw-ci/34//#testresult/5a2e0aa0130a2ada","status":"passed","time":{"start":1658390184695,"stop":1658390184730,"duration":35}},{"uid":"9e9d50a645470a33","reportUrl":"https://bowiegan-jp.github.io/test-fw-ci/32//#testresult/9e9d50a645470a33","status":"failed","statusDetails":"AssertionError: The following fields NOT indicated as required by transaction API: ['cc_last4']\nassert not ['cc_last4']","time":{"start":1658386872131,"stop":1658386872182,"duration":51}},{"uid":"b7c14498f7493fc2","reportUrl":"https://bowiegan-jp.github.io/test-fw-ci/31//#testresult/b7c14498f7493fc2","status":"broken","statusDetails":"requests.exceptions.SSLError: HTTPSConnectionPool(host='10.20.20.221', port=443): Max retries exceeded with url: /api/transaction (Caused by SSLError(SSLCertVerificationError(1, '[SSL: CERTIFICATE_VERIFY_FAILED] certificate verify failed: unable to get local issuer certificate (_ssl.c:1091)')))","time":{"start":1658386197679,"stop":1658386197694,"duration":15}}]},"tags":["@pytest.mark.usefixtures('check_known_issues')","regression"]},"source":"10f6d2e57585a095.json","parameterValues":["(2, 'Mobile App')"]}