{"uid":"ed2445d2d1465562","name":"Test Transaction API Required Fields","fullName":"tests.end2end.transactions.test_required_fields.TestTxnAPIRequiredFields#test_required_fields_provided","historyId":"d07cc52046986971f1ca1aed1314f5b7","time":{"start":1660042688231,"stop":1660042688416,"duration":185},"status":"failed","statusMessage":"AssertionError: assert not True\n +  where True = <built-in method get of dict object at 0x7fb41c4ce640>('error')\n +    where <built-in method get of dict object at 0x7fb41c4ce640> = {'code': 500, 'decline_rule': None, 'error': True, 'errors': {'cc_last_digits': ['This field is required.']}, ...}.get","statusTrace":"self = <test_required_fields.TestTxnAPIRequiredFields object at 0x7fb41c39cf10>\ntxn_samples = <test_data.transactions.TransactionSamples object at 0x7fb41c84a1d0>\nfw_api = <fw.api.client.FraudwallAPI object at 0x7fb41c84a090>\nrequired_fields_txn_channel = ({'Billing Address': 'billing_address', 'Billing Amount': 'billing_amt', 'Billing Country': 'billing_country_alpha2', 'Billing Currency': 'billing_currency', ...}, (8, 'Payment Link'))\n\n    @allure.title(\"Test Transaction API Required Fields\")\n    def test_required_fields_provided(self, txn_samples, fw_api, required_fields_txn_channel):\n        txn_channel = required_fields_txn_channel[1]\n        required_fields = required_fields_txn_channel[0]\n        UNIQUE_INDENTIFIER = f'tt_required_fields_incl_{txn_channel[1]}_{self.current_timestr}'\n    \n        # Get Base Transaction\n        transaction = copy.deepcopy(txn_samples.BASE_TEST)\n        # Remove all optional fields\n        txn_fields = list(transaction.keys())\n        for f in txn_fields:\n            if f not in required_fields.values():\n                transaction.pop(f)\n        transaction.update({\n            'transaction_id_ext': UNIQUE_INDENTIFIER,\n            'transaction_channel': str(txn_channel[0])\n        })\n    \n        txn_resp = fw_api.send_transaction(transaction)\n    \n        # Verify no errors\n>       assert not txn_resp.get(\"error\")\nE       AssertionError: assert not True\nE        +  where True = <built-in method get of dict object at 0x7fb41c4ce640>('error')\nE        +    where <built-in method get of dict object at 0x7fb41c4ce640> = {'code': 500, 'decline_rule': None, 'error': True, 'errors': {'cc_last_digits': ['This field is required.']}, ...}.get\n\ntests/end2end/transactions/test_required_fields.py:33: AssertionError","flaky":true,"newFailed":true,"newBroken":false,"newPassed":false,"retriesCount":0,"retriesStatusChange":false,"beforeStages":[{"name":"cfg","time":{"start":1660032706972,"stop":1660032706972,"duration":0},"status":"passed","steps":[],"attachments":[],"parameters":[],"stepsCount":0,"attachmentsCount":0,"shouldDisplayMessage":false,"hasContent":false},{"name":"users","time":{"start":1660032706972,"stop":1660032706972,"duration":0},"status":"passed","steps":[],"attachments":[],"parameters":[],"stepsCount":0,"attachmentsCount":0,"shouldDisplayMessage":false,"hasContent":false},{"name":"txn_samples","time":{"start":1660042688229,"stop":1660042688229,"duration":0},"status":"passed","steps":[],"attachments":[],"parameters":[],"stepsCount":0,"attachmentsCount":0,"shouldDisplayMessage":false,"hasContent":false},{"name":"check_known_issues","time":{"start":1660042688229,"stop":1660042688229,"duration":0},"status":"passed","steps":[],"attachments":[],"parameters":[],"stepsCount":0,"attachmentsCount":0,"shouldDisplayMessage":false,"hasContent":false},{"name":"fw_api","time":{"start":1660042688230,"stop":1660042688230,"duration":0},"status":"passed","steps":[],"attachments":[],"parameters":[],"stepsCount":0,"attachmentsCount":0,"shouldDisplayMessage":false,"hasContent":false},{"name":"txn_channel","time":{"start":1660042688230,"stop":1660042688230,"duration":0},"status":"passed","steps":[],"attachments":[],"parameters":[],"stepsCount":0,"attachmentsCount":0,"shouldDisplayMessage":false,"hasContent":false},{"name":"required_fields_txn_channel","time":{"start":1660042688230,"stop":1660042688230,"duration":0},"status":"passed","steps":[],"attachments":[],"parameters":[],"stepsCount":0,"attachmentsCount":0,"shouldDisplayMessage":false,"hasContent":false}],"testStage":{"status":"failed","statusMessage":"AssertionError: assert not True\n +  where True = <built-in method get of dict object at 0x7fb41c4ce640>('error')\n +    where <built-in method get of dict object at 0x7fb41c4ce640> = {'code': 500, 'decline_rule': None, 'error': True, 'errors': {'cc_last_digits': ['This field is required.']}, ...}.get","statusTrace":"self = <test_required_fields.TestTxnAPIRequiredFields object at 0x7fb41c39cf10>\ntxn_samples = <test_data.transactions.TransactionSamples object at 0x7fb41c84a1d0>\nfw_api = <fw.api.client.FraudwallAPI object at 0x7fb41c84a090>\nrequired_fields_txn_channel = ({'Billing Address': 'billing_address', 'Billing Amount': 'billing_amt', 'Billing Country': 'billing_country_alpha2', 'Billing Currency': 'billing_currency', ...}, (8, 'Payment Link'))\n\n    @allure.title(\"Test Transaction API Required Fields\")\n    def test_required_fields_provided(self, txn_samples, fw_api, required_fields_txn_channel):\n        txn_channel = required_fields_txn_channel[1]\n        required_fields = required_fields_txn_channel[0]\n        UNIQUE_INDENTIFIER = f'tt_required_fields_incl_{txn_channel[1]}_{self.current_timestr}'\n    \n        # Get Base Transaction\n        transaction = copy.deepcopy(txn_samples.BASE_TEST)\n        # Remove all optional fields\n        txn_fields = list(transaction.keys())\n        for f in txn_fields:\n            if f not in required_fields.values():\n                transaction.pop(f)\n        transaction.update({\n            'transaction_id_ext': UNIQUE_INDENTIFIER,\n            'transaction_channel': str(txn_channel[0])\n        })\n    \n        txn_resp = fw_api.send_transaction(transaction)\n    \n        # Verify no errors\n>       assert not txn_resp.get(\"error\")\nE       AssertionError: assert not True\nE        +  where True = <built-in method get of dict object at 0x7fb41c4ce640>('error')\nE        +    where <built-in method get of dict object at 0x7fb41c4ce640> = {'code': 500, 'decline_rule': None, 'error': True, 'errors': {'cc_last_digits': ['This field is required.']}, ...}.get\n\ntests/end2end/transactions/test_required_fields.py:33: AssertionError","steps":[{"name":"Send test transaction","time":{"start":1660042688231,"stop":1660042688415,"duration":184},"status":"passed","steps":[],"attachments":[{"uid":"401da858c125cb55","name":"Transaction payload details","source":"401da858c125cb55.txt","type":"text/plain","size":1207},{"uid":"639a77325f30232e","name":"Transaction response details","source":"639a77325f30232e.txt","type":"text/plain","size":175}],"parameters":[{"name":"payload","value":"{'merch_id': 'FW-000', 'merch_name': 'test-automation-base', 'merch_cat_code': '5732', 'merch_group_id': '54321', 'user_ipv4': '127.0.1.1', 'browser_header': {}, 'browser_header_json': '{\"Accept\": \"text/html,application/xhtml+xml,application/xml;q=0.9,image/webp,*/*;q=0.8\", \"Accept-Encoding\": \"gzip, deflate, sdch\", \"Accept-Language\": \"en-US,en;q=0.8\", \"Cache-Control\": \"max-age=0\", \"Connection\": \"keep-alive\"}', 'user_email': 'tony_stark@test.com', 'cc_firstname': 'tony', 'cc_lastname': 'stark', 'cc_bin': '555555', 'cc_last4': '4444', 'cc_hash': '2f725bbd1f405a1ed0336abaf85ddfeb6902a9984a76fd877c3b5cc3b5085a82', 'cc_exp_date': '0226', 'billing_firstname': 'tony', 'billing_lastname': 'stark', 'billing_address': 'Malibu Point', 'billing_state': 'California', 'billing_country_alpha2': 'US', 'billing_postal_code': '10880', 'billing_currency': 'USD', 'billing_amt': '1000', 'transaction_id_ext': 'tt_required_fields_incl_Payment Link_20220809_105808', 'transaction_channel': '8'}"}],"stepsCount":0,"attachmentsCount":2,"shouldDisplayMessage":false,"hasContent":true}],"attachments":[],"parameters":[],"stepsCount":1,"attachmentsCount":2,"shouldDisplayMessage":true,"hasContent":true},"afterStages":[{"name":"fw_api::0","time":{"start":1660042688421,"stop":1660042688421,"duration":0},"status":"passed","steps":[],"attachments":[],"parameters":[],"stepsCount":0,"attachmentsCount":0,"shouldDisplayMessage":false,"hasContent":false}],"labels":[{"name":"tag","value":"@pytest.mark.usefixtures('check_known_issues')"},{"name":"tag","value":"regression"},{"name":"parentSuite","value":"tests.end2end.transactions"},{"name":"suite","value":"test_required_fields"},{"name":"subSuite","value":"TestTxnAPIRequiredFields"},{"name":"host","value":"ip-10-20-30-10"},{"name":"thread","value":"15858-MainThread"},{"name":"framework","value":"pytest"},{"name":"language","value":"cpython3"},{"name":"package","value":"tests.end2end.transactions.test_required_fields"},{"name":"resultFormat","value":"allure2"}],"parameters":[{"name":"txn_channel","value":"(8, 'Payment Link')"}],"links":[],"hidden":false,"retry":false,"extra":{"severity":"normal","retries":[],"categories":[{"name":"Product defects","matchedStatuses":[],"flaky":false}],"history":{"statistic":{"failed":3,"broken":2,"skipped":0,"passed":2,"unknown":0,"total":7},"items":[{"uid":"d78ac4de8bad38f3","reportUrl":"https://bowiegan-jp.github.io/test-fw-ci/4//#testresult/d78ac4de8bad38f3","status":"broken","statusDetails":"requests.exceptions.MissingSchema: Invalid URL '/api/transaction': No schema supplied. Perhaps you meant http:///api/transaction?","time":{"start":1660032440819,"stop":1660032440820,"duration":1}},{"uid":"4f1e3c402a2c009f","reportUrl":"https://bowiegan-jp.github.io/test-fw-ci/35//#testresult/4f1e3c402a2c009f","status":"passed","time":{"start":1660024560072,"stop":1660024560720,"duration":648}},{"uid":"6b1a2c55018618fc","reportUrl":"https://bowiegan-jp.github.io/test-fw-ci/1//#testresult/6b1a2c55018618fc","status":"failed","statusDetails":"AssertionError: assert not True\n +  where True = <built-in method get of dict object at 0x7f398f6d63c0>('error')\n +    where <built-in method get of dict object at 0x7f398f6d63c0> = {'code': 500, 'decline_rule': None, 'error': True, 'errors': {'cc_last_digits': ['This field is required.']}, ...}.get","time":{"start":1658485148843,"stop":1658485149069,"duration":226}},{"uid":"6c552766627b7095","reportUrl":"https://bowiegan-jp.github.io/test-fw-ci/34//#testresult/6c552766627b7095","status":"passed","time":{"start":1658390183256,"stop":1658390183908,"duration":652}},{"uid":"511d45210e9591ec","reportUrl":"https://bowiegan-jp.github.io/test-fw-ci/32//#testresult/511d45210e9591ec","status":"failed","statusDetails":"AssertionError: assert not True\n +  where True = <built-in method get of dict object at 0x7f80dc9d5b90>('error')\n +    where <built-in method get of dict object at 0x7f80dc9d5b90> = {'code': 500, 'decline_rule': None, 'error': True, 'errors': {'cc_last_digits': ['This field is required.']}, ...}.get","time":{"start":1658386871591,"stop":1658386871789,"duration":198}},{"uid":"a9e3b3089bdf720f","reportUrl":"https://bowiegan-jp.github.io/test-fw-ci/31//#testresult/a9e3b3089bdf720f","status":"broken","statusDetails":"requests.exceptions.SSLError: HTTPSConnectionPool(host='10.20.20.221', port=443): Max retries exceeded with url: /api/transaction (Caused by SSLError(SSLCertVerificationError(1, '[SSL: CERTIFICATE_VERIFY_FAILED] certificate verify failed: unable to get local issuer certificate (_ssl.c:1091)')))","time":{"start":1658386196798,"stop":1658386196812,"duration":14}}]},"tags":["@pytest.mark.usefixtures('check_known_issues')","regression"]},"source":"ed2445d2d1465562.json","parameterValues":["(8, 'Payment Link')"]}