{"uid":"4432c72bd1284813","name":"Test Transaction API Required Fields","fullName":"tests.end2end.transactions.test_required_fields.TestTxnAPIRequiredFields#test_required_fields_provided","historyId":"353719ad8b5427150390a21b279cc67e","time":{"start":1658485148620,"stop":1658485148799,"duration":179},"status":"failed","statusMessage":"AssertionError: assert not True\n +  where True = <built-in method get of dict object at 0x7f398f48dc80>('error')\n +    where <built-in method get of dict object at 0x7f398f48dc80> = {'code': 500, 'decline_rule': None, 'error': True, 'errors': {'cc_last_digits': ['This field is required.']}, ...}.get","statusTrace":"self = <test_required_fields.TestTxnAPIRequiredFields object at 0x7f398f404390>\ntxn_samples = <test_data.transactions.TransactionSamples object at 0x7f398f2f9d50>\nfw_api = <fw.api.client.FraudwallAPI object at 0x7f398f2f9cd0>\nrequired_fields_txn_channel = ({'Billing Address': 'billing_address', 'Billing Amount': 'billing_amt', 'Billing Country': 'billing_country_alpha2', 'Billing Currency': 'billing_currency', ...}, (5, 'eMOTO'))\n\n    @allure.title(\"Test Transaction API Required Fields\")\n    def test_required_fields_provided(self, txn_samples, fw_api, required_fields_txn_channel):\n        txn_channel = required_fields_txn_channel[1]\n        required_fields = required_fields_txn_channel[0]\n        UNIQUE_INDENTIFIER = f'tt_required_fields_incl_{txn_channel[1]}_{self.current_timestr}'\n    \n        # Get Base Transaction\n        transaction = copy.deepcopy(txn_samples.BASE_TEST)\n        # Remove all optional fields\n        txn_fields = list(transaction.keys())\n        for f in txn_fields:\n            if f not in required_fields.values():\n                transaction.pop(f)\n        transaction.update({\n            'transaction_id_ext': UNIQUE_INDENTIFIER,\n            'transaction_channel': str(txn_channel[0])\n        })\n    \n        txn_resp = fw_api.send_transaction(transaction)\n    \n        # Verify no errors\n>       assert not txn_resp.get(\"error\")\nE       AssertionError: assert not True\nE        +  where True = <built-in method get of dict object at 0x7f398f48dc80>('error')\nE        +    where <built-in method get of dict object at 0x7f398f48dc80> = {'code': 500, 'decline_rule': None, 'error': True, 'errors': {'cc_last_digits': ['This field is required.']}, ...}.get\n\ntests/end2end/transactions/test_required_fields.py:33: AssertionError","flaky":true,"newFailed":true,"newBroken":false,"newPassed":false,"retriesCount":0,"retriesStatusChange":false,"beforeStages":[{"name":"cfg","time":{"start":1658475055993,"stop":1658475055993,"duration":0},"status":"passed","steps":[],"attachments":[],"parameters":[],"stepsCount":0,"attachmentsCount":0,"shouldDisplayMessage":false,"hasContent":false},{"name":"users","time":{"start":1658475055994,"stop":1658475055994,"duration":0},"status":"passed","steps":[],"attachments":[],"parameters":[],"stepsCount":0,"attachmentsCount":0,"shouldDisplayMessage":false,"hasContent":false},{"name":"check_known_issues","time":{"start":1658485148618,"stop":1658485148618,"duration":0},"status":"passed","steps":[],"attachments":[],"parameters":[],"stepsCount":0,"attachmentsCount":0,"shouldDisplayMessage":false,"hasContent":false},{"name":"txn_channel","time":{"start":1658485148619,"stop":1658485148619,"duration":0},"status":"passed","steps":[],"attachments":[],"parameters":[],"stepsCount":0,"attachmentsCount":0,"shouldDisplayMessage":false,"hasContent":false},{"name":"fw_api","time":{"start":1658485148619,"stop":1658485148619,"duration":0},"status":"passed","steps":[],"attachments":[],"parameters":[],"stepsCount":0,"attachmentsCount":0,"shouldDisplayMessage":false,"hasContent":false},{"name":"required_fields_txn_channel","time":{"start":1658485148619,"stop":1658485148619,"duration":0},"status":"passed","steps":[],"attachments":[],"parameters":[],"stepsCount":0,"attachmentsCount":0,"shouldDisplayMessage":false,"hasContent":false},{"name":"txn_samples","time":{"start":1658485148619,"stop":1658485148619,"duration":0},"status":"passed","steps":[],"attachments":[],"parameters":[],"stepsCount":0,"attachmentsCount":0,"shouldDisplayMessage":false,"hasContent":false}],"testStage":{"status":"failed","statusMessage":"AssertionError: assert not True\n +  where True = <built-in method get of dict object at 0x7f398f48dc80>('error')\n +    where <built-in method get of dict object at 0x7f398f48dc80> = {'code': 500, 'decline_rule': None, 'error': True, 'errors': {'cc_last_digits': ['This field is required.']}, ...}.get","statusTrace":"self = <test_required_fields.TestTxnAPIRequiredFields object at 0x7f398f404390>\ntxn_samples = <test_data.transactions.TransactionSamples object at 0x7f398f2f9d50>\nfw_api = <fw.api.client.FraudwallAPI object at 0x7f398f2f9cd0>\nrequired_fields_txn_channel = ({'Billing Address': 'billing_address', 'Billing Amount': 'billing_amt', 'Billing Country': 'billing_country_alpha2', 'Billing Currency': 'billing_currency', ...}, (5, 'eMOTO'))\n\n    @allure.title(\"Test Transaction API Required Fields\")\n    def test_required_fields_provided(self, txn_samples, fw_api, required_fields_txn_channel):\n        txn_channel = required_fields_txn_channel[1]\n        required_fields = required_fields_txn_channel[0]\n        UNIQUE_INDENTIFIER = f'tt_required_fields_incl_{txn_channel[1]}_{self.current_timestr}'\n    \n        # Get Base Transaction\n        transaction = copy.deepcopy(txn_samples.BASE_TEST)\n        # Remove all optional fields\n        txn_fields = list(transaction.keys())\n        for f in txn_fields:\n            if f not in required_fields.values():\n                transaction.pop(f)\n        transaction.update({\n            'transaction_id_ext': UNIQUE_INDENTIFIER,\n            'transaction_channel': str(txn_channel[0])\n        })\n    \n        txn_resp = fw_api.send_transaction(transaction)\n    \n        # Verify no errors\n>       assert not txn_resp.get(\"error\")\nE       AssertionError: assert not True\nE        +  where True = <built-in method get of dict object at 0x7f398f48dc80>('error')\nE        +    where <built-in method get of dict object at 0x7f398f48dc80> = {'code': 500, 'decline_rule': None, 'error': True, 'errors': {'cc_last_digits': ['This field is required.']}, ...}.get\n\ntests/end2end/transactions/test_required_fields.py:33: AssertionError","steps":[{"name":"Send test transaction","time":{"start":1658485148620,"stop":1658485148799,"duration":179},"status":"passed","steps":[],"attachments":[{"uid":"57c27c6dea3fb043","name":"Transaction payload details","source":"57c27c6dea3fb043.txt","type":"text/plain","size":1200},{"uid":"a843cdbc122e0ccb","name":"Transaction response details","source":"a843cdbc122e0ccb.txt","type":"text/plain","size":175}],"parameters":[{"name":"payload","value":"{'merch_id': 'FW-000', 'merch_name': 'test-automation-base', 'merch_cat_code': '5732', 'merch_group_id': '54321', 'user_ipv4': '127.0.1.1', 'browser_header': {}, 'browser_header_json': '{\"Accept\": \"text/html,application/xhtml+xml,application/xml;q=0.9,image/webp,*/*;q=0.8\", \"Accept-Encoding\": \"gzip, deflate, sdch\", \"Accept-Language\": \"en-US,en;q=0.8\", \"Cache-Control\": \"max-age=0\", \"Connection\": \"keep-alive\"}', 'user_email': 'tony_stark@test.com', 'cc_firstname': 'tony', 'cc_lastname': 'stark', 'cc_bin': '555555', 'cc_last4': '4444', 'cc_hash': '2f725bbd1f405a1ed0336abaf85ddfeb6902a9984a76fd877c3b5cc3b5085a82', 'cc_exp_date': '0226', 'billing_firstname': 'tony', 'billing_lastname': 'stark', 'billing_address': 'Malibu Point', 'billing_state': 'California', 'billing_country_alpha2': 'US', 'billing_postal_code': '10880', 'billing_currency': 'USD', 'billing_amt': '1000', 'transaction_id_ext': 'tt_required_fields_incl_eMOTO_20220722_101908', 'transaction_channel': '5'}"}],"stepsCount":0,"attachmentsCount":2,"shouldDisplayMessage":false,"hasContent":true}],"attachments":[],"parameters":[],"stepsCount":1,"attachmentsCount":2,"shouldDisplayMessage":true,"hasContent":true},"afterStages":[{"name":"fw_api::0","time":{"start":1658485148805,"stop":1658485148805,"duration":0},"status":"passed","steps":[],"attachments":[],"parameters":[],"stepsCount":0,"attachmentsCount":0,"shouldDisplayMessage":false,"hasContent":false}],"labels":[{"name":"tag","value":"@pytest.mark.usefixtures('check_known_issues')"},{"name":"tag","value":"regression"},{"name":"parentSuite","value":"tests.end2end.transactions"},{"name":"suite","value":"test_required_fields"},{"name":"subSuite","value":"TestTxnAPIRequiredFields"},{"name":"host","value":"ip-10-20-30-10"},{"name":"thread","value":"4335-MainThread"},{"name":"framework","value":"pytest"},{"name":"language","value":"cpython3"},{"name":"package","value":"tests.end2end.transactions.test_required_fields"},{"name":"resultFormat","value":"allure2"}],"parameters":[{"name":"txn_channel","value":"(5, 'eMOTO')"}],"links":[],"hidden":false,"retry":false,"extra":{"severity":"normal","retries":[],"categories":[{"name":"Product defects","matchedStatuses":[],"flaky":false}],"history":{"statistic":{"failed":2,"broken":1,"skipped":0,"passed":1,"unknown":0,"total":4},"items":[{"uid":"c8fdb2137a07d388","reportUrl":"https://bowiegan-jp.github.io/test-fw-ci/34//#testresult/c8fdb2137a07d388","status":"passed","time":{"start":1658390182566,"stop":1658390183215,"duration":649}},{"uid":"31edcd1437637070","reportUrl":"https://bowiegan-jp.github.io/test-fw-ci/32//#testresult/31edcd1437637070","status":"failed","statusDetails":"AssertionError: assert not True\n +  where True = <built-in method get of dict object at 0x7f80dd23cc80>('error')\n +    where <built-in method get of dict object at 0x7f80dd23cc80> = {'code': 500, 'decline_rule': None, 'error': True, 'errors': {'cc_last_digits': ['This field is required.']}, ...}.get","time":{"start":1658386871356,"stop":1658386871547,"duration":191}},{"uid":"cddda4d4af722fa0","reportUrl":"https://bowiegan-jp.github.io/test-fw-ci/31//#testresult/cddda4d4af722fa0","status":"broken","statusDetails":"requests.exceptions.SSLError: HTTPSConnectionPool(host='10.20.20.221', port=443): Max retries exceeded with url: /api/transaction (Caused by SSLError(SSLCertVerificationError(1, '[SSL: CERTIFICATE_VERIFY_FAILED] certificate verify failed: unable to get local issuer certificate (_ssl.c:1091)')))","time":{"start":1658386196560,"stop":1658386196575,"duration":15}}]},"tags":["@pytest.mark.usefixtures('check_known_issues')","regression"]},"source":"4432c72bd1284813.json","parameterValues":["(5, 'eMOTO')"]}